<?xml version="1.0" encoding="UTF-8"?>
<testng-results ignored="0" total="1" passed="1" failed="0" skipped="0">
  <reporter-output>
    <line>
      <![CDATA[database Connected]]>
    </line>
    <line>
      <![CDATA[Browser launched Successfully]]>
    </line>
    <line>
      <![CDATA[Login Successfully]]>
    </line>
    <line>
      <![CDATA[Assertion Pass]]>
    </line>
    <line>
      <![CDATA[Logout Successfully]]>
    </line>
    <line>
      <![CDATA[Browser closed Successfully]]>
    </line>
    <line>
      <![CDATA[database disconnected]]>
    </line>
  </reporter-output>
  <suite started-at="2023-02-22T09:00:09 IST" name="Default suite" finished-at="2023-02-22T09:00:44 IST" duration-ms="34957">
    <groups>
    </groups>
    <test started-at="2023-02-22T09:00:09 IST" name="Default test" finished-at="2023-02-22T09:00:44 IST" duration-ms="34957">
      <class name="com.Actitime.Testscript.CreateCustomer">
        <test-method is-config="true" signature="databaseconnetion()[pri:0, instance:com.Actitime.Testscript.CreateCustomer@2b91004a]" started-at="2023-02-22T09:00:09 IST" name="databaseconnetion" finished-at="2023-02-22T09:00:09 IST" duration-ms="6" status="PASS">
          <reporter-output>
            <line>
              <![CDATA[database Connected]]>
            </line>
          </reporter-output>
        </test-method> <!-- databaseconnetion -->
        <test-method is-config="true" signature="launchbrowser()[pri:0, instance:com.Actitime.Testscript.CreateCustomer@2b91004a]" started-at="2023-02-22T09:00:09 IST" name="launchbrowser" finished-at="2023-02-22T09:00:28 IST" duration-ms="19429" status="PASS">
          <reporter-output>
            <line>
              <![CDATA[Browser launched Successfully]]>
            </line>
          </reporter-output>
        </test-method> <!-- launchbrowser -->
        <test-method is-config="true" signature="logintoActitime()[pri:0, instance:com.Actitime.Testscript.CreateCustomer@2b91004a]" started-at="2023-02-22T09:00:28 IST" name="logintoActitime" finished-at="2023-02-22T09:00:28 IST" duration-ms="310" status="PASS">
          <reporter-output>
            <line>
              <![CDATA[Login Successfully]]>
            </line>
          </reporter-output>
        </test-method> <!-- logintoActitime -->
        <test-method signature="createCustomer()[pri:0, instance:com.Actitime.Testscript.CreateCustomer@2b91004a]" started-at="2023-02-22T09:00:28 IST" name="createCustomer" finished-at="2023-02-22T09:00:38 IST" duration-ms="9882" status="PASS">
          <reporter-output>
            <line>
              <![CDATA[Assertion Pass]]>
            </line>
          </reporter-output>
        </test-method> <!-- createCustomer -->
        <test-method is-config="true" signature="LogoutFromActitime()[pri:0, instance:com.Actitime.Testscript.CreateCustomer@2b91004a]" started-at="2023-02-22T09:00:38 IST" name="LogoutFromActitime" finished-at="2023-02-22T09:00:40 IST" duration-ms="2153" status="PASS">
          <reporter-output>
            <line>
              <![CDATA[Logout Successfully]]>
            </line>
          </reporter-output>
        </test-method> <!-- LogoutFromActitime -->
        <test-method is-config="true" signature="CloseBrowser()[pri:0, instance:com.Actitime.Testscript.CreateCustomer@2b91004a]" started-at="2023-02-22T09:00:40 IST" name="CloseBrowser" finished-at="2023-02-22T09:00:44 IST" duration-ms="3147" status="PASS">
          <reporter-output>
            <line>
              <![CDATA[Browser closed Successfully]]>
            </line>
          </reporter-output>
        </test-method> <!-- CloseBrowser -->
        <test-method is-config="true" signature="databasedisconnection()[pri:0, instance:com.Actitime.Testscript.CreateCustomer@2b91004a]" started-at="2023-02-22T09:00:44 IST" name="databasedisconnection" finished-at="2023-02-22T09:00:44 IST" duration-ms="0" status="PASS">
          <reporter-output>
            <line>
              <![CDATA[database disconnected]]>
            </line>
          </reporter-output>
        </test-method> <!-- databasedisconnection -->
      </class> <!-- com.Actitime.Testscript.CreateCustomer -->
    </test> <!-- Default test -->
  </suite> <!-- Default suite -->
</testng-results>
